{"C:\\Users\\Emily\\Downloads\\proj4_ci_cd_sample\\app.js": {"path":"C:\\Users\\Emily\\Downloads\\proj4_ci_cd_sample\\app.js","statementMap":{"0":{"start":{"line":1,"column":16},"end":{"line":1,"column":34}},"1":{"start":{"line":2,"column":18},"end":{"line":2,"column":41}},"2":{"start":{"line":3,"column":12},"end":{"line":3,"column":21}},"3":{"start":{"line":4,"column":13},"end":{"line":4,"column":37}},"4":{"start":{"line":5,"column":0},"end":{"line":5,"column":24}},"5":{"start":{"line":6,"column":0},"end":{"line":6,"column":63}},"6":{"start":{"line":6,"column":27},"end":{"line":6,"column":61}},"7":{"start":{"line":7,"column":0},"end":{"line":7,"column":27}},"8":{"start":{"line":8,"column":0},"end":{"line":10,"column":1}},"9":{"start":{"line":9,"column":2},"end":{"line":9,"column":72}},"10":{"start":{"line":9,"column":25},"end":{"line":9,"column":70}},"11":{"start":{"line":11,"column":0},"end":{"line":11,"column":21}}},"fnMap":{"0":{"name":"(anonymous_0)","decl":{"start":{"line":6,"column":13},"end":{"line":6,"column":14}},"loc":{"start":{"line":6,"column":27},"end":{"line":6,"column":61}},"line":6},"1":{"name":"(anonymous_1)","decl":{"start":{"line":9,"column":19},"end":{"line":9,"column":20}},"loc":{"start":{"line":9,"column":25},"end":{"line":9,"column":70}},"line":9}},"branchMap":{"0":{"loc":{"start":{"line":4,"column":13},"end":{"line":4,"column":37}},"type":"binary-expr","locations":[{"start":{"line":4,"column":13},"end":{"line":4,"column":29}},{"start":{"line":4,"column":33},"end":{"line":4,"column":37}}],"line":4},"1":{"loc":{"start":{"line":8,"column":0},"end":{"line":10,"column":1}},"type":"if","locations":[{"start":{"line":8,"column":0},"end":{"line":10,"column":1}},{"start":{},"end":{}}],"line":8}},"s":{"0":1,"1":1,"2":1,"3":1,"4":1,"5":1,"6":0,"7":1,"8":1,"9":0,"10":0,"11":1},"f":{"0":0,"1":0},"b":{"0":[1,1],"1":[0,1]},"_coverageSchema":"1a1c01bbd47fc00a2c39e90264f33305004495a9","hash":"9e425d7169f61417358471dc41f2fcbfc948fee7"}
,"C:\\Users\\Emily\\Downloads\\proj4_ci_cd_sample\\routes\\api.js": {"path":"C:\\Users\\Emily\\Downloads\\proj4_ci_cd_sample\\routes\\api.js","statementMap":{"0":{"start":{"line":1,"column":16},"end":{"line":1,"column":34}},"1":{"start":{"line":2,"column":15},"end":{"line":2,"column":31}},"2":{"start":{"line":4,"column":12},"end":{"line":7,"column":1}},"3":{"start":{"line":8,"column":0},"end":{"line":8,"column":52}},"4":{"start":{"line":8,"column":35},"end":{"line":8,"column":50}},"5":{"start":{"line":9,"column":0},"end":{"line":14,"column":3}},"6":{"start":{"line":10,"column":13},"end":{"line":10,"column":34}},"7":{"start":{"line":11,"column":13},"end":{"line":11,"column":41}},"8":{"start":{"line":11,"column":29},"end":{"line":11,"column":40}},"9":{"start":{"line":12,"column":2},"end":{"line":12,"column":63}},"10":{"start":{"line":12,"column":11},"end":{"line":12,"column":63}},"11":{"start":{"line":13,"column":2},"end":{"line":13,"column":15}},"12":{"start":{"line":15,"column":0},"end":{"line":22,"column":3}},"13":{"start":{"line":16,"column":19},"end":{"line":16,"column":27}},"14":{"start":{"line":17,"column":2},"end":{"line":17,"column":69}},"15":{"start":{"line":17,"column":13},"end":{"line":17,"column":69}},"16":{"start":{"line":18,"column":13},"end":{"line":18,"column":67}},"17":{"start":{"line":18,"column":53},"end":{"line":18,"column":57}},"18":{"start":{"line":19,"column":13},"end":{"line":19,"column":25}},"19":{"start":{"line":20,"column":2},"end":{"line":20,"column":17}},"20":{"start":{"line":21,"column":2},"end":{"line":21,"column":27}},"21":{"start":{"line":23,"column":0},"end":{"line":23,"column":24}}},"fnMap":{"0":{"name":"(anonymous_0)","decl":{"start":{"line":8,"column":21},"end":{"line":8,"column":22}},"loc":{"start":{"line":8,"column":35},"end":{"line":8,"column":50}},"line":8},"1":{"name":"(anonymous_1)","decl":{"start":{"line":9,"column":25},"end":{"line":9,"column":26}},"loc":{"start":{"line":9,"column":39},"end":{"line":14,"column":1}},"line":9},"2":{"name":"(anonymous_2)","decl":{"start":{"line":11,"column":24},"end":{"line":11,"column":25}},"loc":{"start":{"line":11,"column":29},"end":{"line":11,"column":40}},"line":11},"3":{"name":"(anonymous_3)","decl":{"start":{"line":15,"column":22},"end":{"line":15,"column":23}},"loc":{"start":{"line":15,"column":36},"end":{"line":22,"column":1}},"line":15},"4":{"name":"(anonymous_4)","decl":{"start":{"line":18,"column":50},"end":{"line":18,"column":51}},"loc":{"start":{"line":18,"column":53},"end":{"line":18,"column":57}},"line":18}},"branchMap":{"0":{"loc":{"start":{"line":12,"column":2},"end":{"line":12,"column":63}},"type":"if","locations":[{"start":{"line":12,"column":2},"end":{"line":12,"column":63}},{"start":{},"end":{}}],"line":12},"1":{"loc":{"start":{"line":17,"column":2},"end":{"line":17,"column":69}},"type":"if","locations":[{"start":{"line":17,"column":2},"end":{"line":17,"column":69}},{"start":{},"end":{}}],"line":17},"2":{"loc":{"start":{"line":18,"column":13},"end":{"line":18,"column":67}},"type":"cond-expr","locations":[{"start":{"line":18,"column":28},"end":{"line":18,"column":63}},{"start":{"line":18,"column":66},"end":{"line":18,"column":67}}],"line":18}},"s":{"0":1,"1":1,"2":1,"3":1,"4":1,"5":1,"6":2,"7":2,"8":3,"9":2,"10":1,"11":1,"12":1,"13":2,"14":2,"15":1,"16":1,"17":2,"18":1,"19":1,"20":1,"21":1},"f":{"0":1,"1":2,"2":3,"3":2,"4":2},"b":{"0":[1,1],"1":[1,1],"2":[1,0]},"_coverageSchema":"1a1c01bbd47fc00a2c39e90264f33305004495a9","hash":"3ca5bf1f86e44df59647dd7417f069070868302f"}
}
